c:\users\administrator\documents\visual studio 2015\projects\castlevania\castlevania\win32\debug\vc140.pdb
c:\users\administrator\documents\visual studio 2015\projects\castlevania\castlevania\win32\debug\vc140.idb
c:\users\administrator\documents\visual studio 2015\projects\castlevania\castlevania\win32\debug\gamestate.obj
c:\users\administrator\documents\visual studio 2015\projects\castlevania\castlevania\win32\debug\gamestate1.obj
c:\users\administrator\documents\visual studio 2015\projects\castlevania\castlevania\win32\debug\gamestate2.obj
c:\users\administrator\documents\visual studio 2015\projects\castlevania\castlevania\win32\debug\ground.obj
c:\users\administrator\documents\visual studio 2015\projects\castlevania\castlevania\win32\debug\helicop.obj
c:\users\administrator\documents\visual studio 2015\projects\castlevania\castlevania\win32\debug\items.obj
c:\users\administrator\documents\visual studio 2015\projects\castlevania\castlevania\win32\debug\knife.obj
c:\users\administrator\documents\visual studio 2015\projects\castlevania\castlevania\win32\debug\lcandle.obj
c:\users\administrator\documents\visual studio 2015\projects\castlevania\castlevania\win32\debug\main.obj
c:\users\administrator\documents\visual studio 2015\projects\castlevania\castlevania\win32\debug\mcandle.obj
c:\users\administrator\documents\visual studio 2015\projects\castlevania\castlevania\win32\debug\panther.obj
c:\users\administrator\documents\visual studio 2015\projects\castlevania\castlevania\win32\debug\keyeventhandler.obj
c:\users\administrator\documents\visual studio 2015\projects\castlevania\castlevania\win32\debug\simon.obj
c:\users\administrator\documents\visual studio 2015\projects\castlevania\castlevania\win32\debug\sprites.obj
c:\users\administrator\documents\visual studio 2015\projects\castlevania\castlevania\win32\debug\statemanager.obj
c:\users\administrator\documents\visual studio 2015\projects\castlevania\castlevania\win32\debug\textures.obj
c:\users\administrator\documents\visual studio 2015\projects\castlevania\castlevania\win32\debug\tilemap.obj
c:\users\administrator\documents\visual studio 2015\projects\castlevania\castlevania\win32\debug\titleanimation.obj
c:\users\administrator\documents\visual studio 2015\projects\castlevania\castlevania\win32\debug\whip.obj
c:\users\administrator\documents\visual studio 2015\projects\castlevania\castlevania\win32\debug\zombie.obj
c:\users\administrator\documents\visual studio 2015\projects\castlevania\castlevania\win32\debug\animations.obj
c:\users\administrator\documents\visual studio 2015\projects\castlevania\castlevania\win32\debug\bat.obj
c:\users\administrator\documents\visual studio 2015\projects\castlevania\castlevania\win32\debug\batintro.obj
c:\users\administrator\documents\visual studio 2015\projects\castlevania\castlevania\win32\debug\camera.obj
c:\users\administrator\documents\visual studio 2015\projects\castlevania\castlevania\win32\debug\debug.obj
c:\users\administrator\documents\visual studio 2015\projects\castlevania\castlevania\win32\debug\game.obj
c:\users\administrator\documents\visual studio 2015\projects\castlevania\castlevania\win32\debug\gameintro.obj
c:\users\administrator\documents\visual studio 2015\projects\castlevania\castlevania\win32\debug\gamemenu.obj
c:\users\administrator\documents\visual studio 2015\projects\castlevania\castlevania\win32\debug\gameobject.obj
c:\users\administrator\documents\visual studio 2015\projects\castlevania\castlevania\win32\debug\enemy.obj
c:\users\administrator\documents\visual studio 2015\projects\castlevania\castlevania\win32\debug\stair.obj
c:\users\administrator\documents\visual studio 2015\projects\castlevania\castlevania\win32\debug\ground_null.obj
c:\users\administrator\documents\visual studio 2015\projects\castlevania\castlevania\win32\debug\door.obj
c:\users\administrator\documents\visual studio 2015\projects\castlevania\castlevania\win32\debug\merman.obj
c:\users\administrator\documents\visual studio 2015\projects\castlevania\castlevania\win32\debug\grid.obj
c:\users\administrator\documents\visual studio 2015\projects\castlevania\win32\debug\castlevania.ilk
c:\users\administrator\documents\visual studio 2015\projects\castlevania\win32\debug\castlevania.exe
c:\users\administrator\documents\visual studio 2015\projects\castlevania\win32\debug\castlevania.pdb
c:\users\administrator\documents\visual studio 2015\projects\castlevania\castlevania\win32\debug\gamestate2.obj.enc
c:\users\administrator\documents\visual studio 2015\projects\castlevania\castlevania\win32\debug\simon.obj.enc
c:\users\administrator\documents\visual studio 2015\projects\castlevania\castlevania\win32\debug\castlevania.tlog\cl.command.1.tlog
c:\users\administrator\documents\visual studio 2015\projects\castlevania\castlevania\win32\debug\castlevania.tlog\cl.read.1.tlog
c:\users\administrator\documents\visual studio 2015\projects\castlevania\castlevania\win32\debug\castlevania.tlog\cl.write.1.tlog
c:\users\administrator\documents\visual studio 2015\projects\castlevania\castlevania\win32\debug\castlevania.tlog\link.command.1.tlog
c:\users\administrator\documents\visual studio 2015\projects\castlevania\castlevania\win32\debug\castlevania.tlog\link.read.1.tlog
c:\users\administrator\documents\visual studio 2015\projects\castlevania\castlevania\win32\debug\castlevania.tlog\link.write.1.tlog
