c:\users\administrator\desktop\game\casltevania\casltevania\debug\vc140.pdb
c:\users\administrator\desktop\game\casltevania\casltevania\debug\vc140.idb
c:\users\administrator\desktop\game\casltevania\casltevania\debug\camera.obj
c:\users\administrator\desktop\game\casltevania\casltevania\debug\candle.obj
c:\users\administrator\desktop\game\casltevania\casltevania\debug\collider.obj
c:\users\administrator\desktop\game\casltevania\casltevania\debug\collidereffect.obj
c:\users\administrator\desktop\game\casltevania\casltevania\debug\deadanimation.obj
c:\users\administrator\desktop\game\casltevania\casltevania\debug\game.obj
c:\users\administrator\desktop\game\casltevania\casltevania\debug\gameplaystateone.obj
c:\users\administrator\desktop\game\casltevania\casltevania\debug\gamestate.obj
c:\users\administrator\desktop\game\casltevania\casltevania\debug\gametime.obj
c:\users\administrator\desktop\game\casltevania\casltevania\debug\graphics.obj
c:\users\administrator\desktop\game\casltevania\casltevania\debug\ground.obj
c:\users\administrator\desktop\game\casltevania\casltevania\debug\input.obj
c:\users\administrator\desktop\game\casltevania\casltevania\debug\main.obj
c:\users\administrator\desktop\game\casltevania\casltevania\debug\quadtree.obj
c:\users\administrator\desktop\game\casltevania\casltevania\debug\simon.obj
c:\users\administrator\desktop\game\casltevania\casltevania\debug\sprite.obj
c:\users\administrator\desktop\game\casltevania\casltevania\debug\statemanager.obj
c:\users\administrator\desktop\game\casltevania\casltevania\debug\tilemap.obj
c:\users\administrator\desktop\game\casltevania\casltevania\debug\whip.obj
c:\users\administrator\desktop\game\casltevania\casltevania\debug\animation.obj
c:\users\administrator\desktop\game\casltevania\casltevania\debug\casltevania.tlog\cl.command.1.tlog
c:\users\administrator\desktop\game\casltevania\casltevania\debug\casltevania.tlog\cl.read.1.tlog
c:\users\administrator\desktop\game\casltevania\casltevania\debug\casltevania.tlog\cl.write.1.tlog
